<?xml version="1.0" encoding="UTF-8"?>
<!-- Generated by org.testng.reporters.JUnitReportReporter -->
<testsuite hostname="DESKTOP-HO3NPSQ" failures="0" tests="2" name="extentreports.GoogleTest" time="6.365" errors="0" timestamp="2021-05-31T20:51:48 IST" skipped="1">
  <testcase classname="extentreports.GoogleTest" name="googleTitleTest" time="6.365"/>
  <system-out/>
  <testcase classname="extentreports.GoogleTest" name="googleTest">
    <skipped/>
  </testcase> <!-- googleTest -->
  <system-out/>
</testsuite> <!-- extentreports.GoogleTest -->
